<?xml version="1.0" encoding="UTF-8"?>
<!-- Generated by org.testng.reporters.JUnitXMLReporter -->
<testsuite ignored="2" hostname="Akash-WorkStation" failures="0" tests="2" name="Test" time="12.102" errors="0" timestamp="2022-03-10T10:23:51 IST">
  <testcase classname="test_methods.SearchOperation_Test" name="searchOperation" time="4.984"/>
  <testcase classname="test_methods.Facebook_Test" name="attemptFBLogin" time="2.292"/>
  <testcase classname="test_methods.BaseClass_Test" name="@AfterTest tearDown" time="0.0">
    <ignored/>
  </testcase> <!-- @AfterTest tearDown -->
  <testcase classname="test_methods.BaseClass_Test" name="@BeforeTest setup" time="0.0">
    <ignored/>
  </testcase> <!-- @BeforeTest setup -->
</testsuite> <!-- Test -->
