<?xml version="1.0" encoding="UTF-8"?>
<!-- Generated by org.testng.reporters.JUnitXMLReporter -->
<testsuite ignored="2" hostname="Akash-WorkStation" failures="0" tests="2" name="Test" time="6.545" errors="0" timestamp="2022-03-10T15:54:24 IST">
  <testcase classname="test_methods.SearchOperation_Test" name="searchOperation" time="6.264"/>
  <testcase classname="test_methods.Facebook_Test" name="attemptFBLogin" time="0.255"/>
  <testcase classname="test_methods.BaseClass_Test" name="@AfterSuite tearDown" time="0.0">
    <ignored/>
  </testcase> <!-- @AfterSuite tearDown -->
  <testcase classname="test_methods.BaseClass_Test" name="@BeforeSuite setup" time="0.0">
    <ignored/>
  </testcase> <!-- @BeforeSuite setup -->
</testsuite> <!-- Test -->
